TN:
SF:server.js
FN:31,(anonymous_0)
FN:53,(anonymous_1)
FN:54,(anonymous_2)
FN:57,initializeUsers
FN:63,(anonymous_4)
FN:69,(anonymous_5)
FN:78,(anonymous_6)
FN:107,(anonymous_7)
FN:116,(anonymous_8)
FN:148,(anonymous_9)
FN:178,(anonymous_10)
FN:197,(anonymous_11)
FNF:12
FNH:8
FNDA:17,(anonymous_0)
FNDA:0,(anonymous_1)
FNDA:0,(anonymous_2)
FNDA:0,initializeUsers
FNDA:1,(anonymous_4)
FNDA:4,(anonymous_5)
FNDA:3,(anonymous_6)
FNDA:5,(anonymous_7)
FNDA:6,(anonymous_8)
FNDA:7,(anonymous_9)
FNDA:1,(anonymous_10)
FNDA:0,(anonymous_11)
DA:1,1
DA:2,1
DA:3,1
DA:4,1
DA:6,1
DA:7,1
DA:8,1
DA:11,1
DA:31,1
DA:32,17
DA:33,17
DA:53,1
DA:54,1
DA:58,0
DA:59,0
DA:63,1
DA:64,1
DA:65,1
DA:69,1
DA:70,4
DA:71,4
DA:72,4
DA:74,4
DA:75,2
DA:78,3
DA:79,1
DA:82,1
DA:83,1
DA:91,1
DA:93,1
DA:94,1
DA:95,1
DA:101,0
DA:102,0
DA:107,1
DA:108,5
DA:109,5
DA:110,5
DA:112,5
DA:113,1
DA:116,6
DA:118,4
DA:119,2
DA:120,2
DA:123,2
DA:124,2
DA:125,2
DA:127,2
DA:128,1
DA:129,1
DA:132,1
DA:133,1
DA:135,1
DA:136,1
DA:142,0
DA:143,0
DA:148,1
DA:149,7
DA:150,7
DA:151,7
DA:154,7
DA:155,1
DA:158,6
DA:159,1
DA:162,5
DA:163,1
DA:166,4
DA:167,1
DA:170,3
DA:171,1
DA:174,2
DA:175,1
DA:178,1
DA:179,1
DA:180,1
DA:181,1
DA:182,1
DA:183,1
DA:185,0
DA:188,0
DA:189,0
DA:193,1
DA:196,1
DA:197,0
DA:198,0
DA:199,0
DA:200,0
DA:201,0
DA:202,0
DA:203,0
DA:204,0
DA:206,0
DA:211,1
LF:93
LH:75
BRDA:74,0,0,2
BRDA:74,0,1,2
BRDA:74,1,0,4
BRDA:74,1,1,3
BRDA:74,1,2,2
BRDA:78,2,0,1
BRDA:78,2,1,1
BRDA:112,3,0,1
BRDA:112,3,1,4
BRDA:112,4,0,5
BRDA:112,4,1,5
BRDA:112,4,2,4
BRDA:116,5,0,6
BRDA:116,5,1,3
BRDA:118,6,0,2
BRDA:118,6,1,2
BRDA:127,7,0,1
BRDA:127,7,1,1
BRDA:133,8,0,0
BRDA:133,8,1,1
BRDA:154,9,0,1
BRDA:154,9,1,6
BRDA:154,10,0,7
BRDA:154,10,1,7
BRDA:154,10,2,6
BRDA:154,10,3,6
BRDA:154,10,4,6
BRDA:154,10,5,6
BRDA:154,10,6,6
BRDA:158,11,0,1
BRDA:158,11,1,5
BRDA:162,12,0,1
BRDA:162,12,1,4
BRDA:166,13,0,1
BRDA:166,13,1,3
BRDA:170,14,0,1
BRDA:170,14,1,2
BRDA:170,15,0,3
BRDA:170,15,1,3
BRDA:174,16,0,1
BRDA:174,16,1,1
BRDA:174,17,0,2
BRDA:174,17,1,2
BRDA:179,18,0,1
BRDA:179,18,1,0
BRDA:193,19,0,1
BRDA:193,19,1,1
BRDA:196,20,0,0
BRDA:196,20,1,1
BRF:49
BRH:46
end_of_record
TN:
SF:validations.js
FN:1,validateVolunteerHistory
FNF:1
FNH:0
FNDA:0,validateVolunteerHistory
DA:2,0
DA:3,0
DA:5,0
DA:6,0
DA:8,0
DA:9,0
DA:11,0
DA:12,0
DA:14,0
LF:9
LH:0
BRDA:2,0,0,0
BRDA:2,0,1,0
BRDA:2,1,0,0
BRDA:2,1,1,0
BRDA:5,2,0,0
BRDA:5,2,1,0
BRDA:5,3,0,0
BRDA:5,3,1,0
BRDA:8,4,0,0
BRDA:8,4,1,0
BRDA:8,5,0,0
BRDA:8,5,1,0
BRDA:11,6,0,0
BRDA:11,6,1,0
BRDA:11,7,0,0
BRDA:11,7,1,0
BRF:16
BRH:0
end_of_record
TN:
SF:volunteerHistoryController.js
FN:3,getVolunteerHistory
FN:8,postVolunteerHistory
FNF:2
FNH:0
FNDA:0,getVolunteerHistory
FNDA:0,postVolunteerHistory
DA:4,0
DA:5,0
DA:9,0
DA:10,0
DA:11,0
DA:13,0
LF:6
LH:0
BRF:0
BRH:0
end_of_record
TN:
SF:volunteerHistoryService.js
FN:7,getAllVolunteerHistory
FN:11,addVolunteerHistory
FNF:2
FNH:0
FNDA:0,getAllVolunteerHistory
FNDA:0,addVolunteerHistory
DA:3,0
DA:8,0
DA:12,0
DA:13,0
DA:14,0
LF:5
LH:0
BRF:0
BRH:0
end_of_record
