<?xml version="1.0" encoding="UTF-8"?>
<coverage generated="1752899257125" clover="3.2.0">
  <project timestamp="1752899257125" name="All files">
    <metrics statements="28" coveredstatements="22" conditionals="16" coveredconditionals="15" methods="6" coveredmethods="3" elements="50" coveredelements="40" complexity="0" loc="28" ncloc="28" packages="2" files="4" classes="4"/>
    <package name="volunteer-app">
      <metrics statements="8" coveredstatements="7" conditionals="0" coveredconditionals="0" methods="1" coveredmethods="0"/>
      <file name="server.js" path="/workspaces/volunteer-app/server.js">
        <metrics statements="8" coveredstatements="7" conditionals="0" coveredconditionals="0" methods="1" coveredmethods="0"/>
        <line num="6" count="1" type="stmt"/>
        <line num="7" count="1" type="stmt"/>
        <line num="9" count="1" type="stmt"/>
        <line num="10" count="1" type="stmt"/>
        <line num="12" count="1" type="stmt"/>
        <line num="13" count="1" type="stmt"/>
        <line num="15" count="1" type="stmt"/>
        <line num="16" count="0" type="stmt"/>
      </file>
    </package>
    <package name="volunteer-app.src.backend">
      <metrics statements="20" coveredstatements="15" conditionals="16" coveredconditionals="15" methods="5" coveredmethods="3"/>
      <file name="validations.js" path="/workspaces/volunteer-app/src/backend/validations.js">
        <metrics statements="9" coveredstatements="8" conditionals="16" coveredconditionals="15" methods="1" coveredmethods="1"/>
        <line num="2" count="4" type="cond" truecount="4" falsecount="0"/>
        <line num="3" count="1" type="stmt"/>
        <line num="5" count="3" type="cond" truecount="4" falsecount="0"/>
        <line num="6" count="1" type="stmt"/>
        <line num="8" count="2" type="cond" truecount="3" falsecount="1"/>
        <line num="9" count="0" type="stmt"/>
        <line num="11" count="2" type="cond" truecount="4" falsecount="0"/>
        <line num="12" count="1" type="stmt"/>
        <line num="14" count="1" type="stmt"/>
      </file>
      <file name="volunteerHistoryController.js" path="/workspaces/volunteer-app/src/backend/volunteerHistoryController.js">
        <metrics statements="6" coveredstatements="6" conditionals="0" coveredconditionals="0" methods="2" coveredmethods="2"/>
        <line num="4" count="1" type="stmt"/>
        <line num="5" count="1" type="stmt"/>
        <line num="9" count="2" type="stmt"/>
        <line num="10" count="2" type="stmt"/>
        <line num="11" count="1" type="stmt"/>
        <line num="13" count="1" type="stmt"/>
      </file>
      <file name="volunteerHistoryService.js" path="/workspaces/volunteer-app/src/backend/volunteerHistoryService.js">
        <metrics statements="5" coveredstatements="1" conditionals="0" coveredconditionals="0" methods="2" coveredmethods="0"/>
        <line num="3" count="2" type="stmt"/>
        <line num="8" count="0" type="stmt"/>
        <line num="12" count="0" type="stmt"/>
        <line num="13" count="0" type="stmt"/>
        <line num="14" count="0" type="stmt"/>
      </file>
    </package>
  </project>
</coverage>
