TN:
SF:server.js
FN:15,(anonymous_0)
FNF:1
FNH:0
FNDA:0,(anonymous_0)
DA:6,1
DA:7,1
DA:9,1
DA:10,1
DA:12,1
DA:13,1
DA:15,1
DA:16,0
LF:8
LH:7
BRF:0
BRH:0
end_of_record
TN:
SF:src/backend/validations.js
FN:1,validateVolunteerHistory
FNF:1
FNH:1
FNDA:4,validateVolunteerHistory
DA:2,4
DA:3,1
DA:5,3
DA:6,1
DA:8,2
DA:9,0
DA:11,2
DA:12,1
DA:14,1
LF:9
LH:8
BRDA:2,0,0,1
BRDA:2,0,1,3
BRDA:2,1,0,4
BRDA:2,1,1,3
BRDA:5,2,0,1
BRDA:5,2,1,2
BRDA:5,3,0,3
BRDA:5,3,1,2
BRDA:8,4,0,0
BRDA:8,4,1,2
BRDA:8,5,0,2
BRDA:8,5,1,2
BRDA:11,6,0,1
BRDA:11,6,1,1
BRDA:11,7,0,2
BRDA:11,7,1,1
BRF:16
BRH:15
end_of_record
TN:
SF:src/backend/volunteerHistoryController.js
FN:3,getVolunteerHistory
FN:8,postVolunteerHistory
FNF:2
FNH:2
FNDA:1,getVolunteerHistory
FNDA:2,postVolunteerHistory
DA:4,1
DA:5,1
DA:9,2
DA:10,2
DA:11,1
DA:13,1
LF:6
LH:6
BRF:0
BRH:0
end_of_record
TN:
SF:src/backend/volunteerHistoryService.js
FN:7,getAllVolunteerHistory
FN:11,addVolunteerHistory
FNF:2
FNH:0
FNDA:0,getAllVolunteerHistory
FNDA:0,addVolunteerHistory
DA:3,2
DA:8,0
DA:12,0
DA:13,0
DA:14,0
LF:5
LH:1
BRF:0
BRH:0
end_of_record
